77361 was saved for later use.
Insertion # 0 => 77361
Insertion # 1 => 30577
Insertion # 2 => 3054
49964 was saved for later use.
Insertion # 3 => 49964
Insertion # 4 => 63731
Insertion # 5 => 44858
75132 was saved for later use.
Insertion # 6 => 75132
Insertion # 7 => 83360
Insertion # 8 => 50352
58749 was saved for later use.
Insertion # 9 => 58749
Insertion # 10 => 23255
Insertion # 11 => 3492
20608 was saved for later use.
Insertion # 12 => 20608
Insertion # 13 => 71212
Insertion # 14 => 76293
27291 was saved for later use.
Insertion # 15 => 27291
Insertion # 16 => 17742
Insertion # 17 => 27096
9745 was saved for later use.
Insertion # 18 => 9745
Insertion # 19 => 15887
Insertion # 20 => 68851
68698 was saved for later use.
Insertion # 21 => 68698
Insertion # 22 => 95387
Insertion # 23 => 81844
1390 was saved for later use.
Insertion # 24 => 1390
Insertion # 25 => 34271
Insertion # 26 => 51707
89191 was saved for later use.
Insertion # 27 => 89191
Insertion # 28 => 81450
Insertion # 29 => 20614
61640 was saved for later use.
Insertion # 30 => 61640
Insertion # 31 => 4031
Insertion # 32 => 72454
87884 was saved for later use.
Insertion # 33 => 87884
Insertion # 34 => 29896
Insertion # 35 => 73016
91860 was saved for later use.
Insertion # 36 => 91860
Insertion # 37 => 54547
Insertion # 38 => 71743
14014 was saved for later use.
Insertion # 39 => 14014
Insertion # 40 => 54712
Insertion # 41 => 41953
15074 was saved for later use.
Insertion # 42 => 15074
Insertion # 43 => 78095
Insertion # 44 => 37961
58806 was saved for later use.
Insertion # 45 => 58806
Insertion # 46 => 67740
Insertion # 47 => 19080
44741 was saved for later use.
Insertion # 48 => 44741
Insertion # 49 => 82783
HELOOOOOOOOOOOOOOOO
0
0
0
0
0
0
0
0
0
0
0
0
0
0
0
0
0
HELOOOOOOOOOOOOOOOO
Message: dump after 50 insertions in a table with 101 buckets:
[0] : John (serial 49964)
[1] : John (serial 63731)
[2] : John (serial 44858)
[3] : John (serial 75132)
[4] : John (serial 83360)
[5] : John (serial 50352)
[6] : John (serial 58749)
[7] : John (serial 23255)
[8] : John (serial 3492)
[9] : John (serial 20608)
[10] : John (serial 71212)
[11] : John (serial 76293)
[12] : John (serial 27291)
[13] : John (serial 17742)
[14] : John (serial 27096)
[15] : John (serial 9745)
[16] : John (serial 15887)
[17] : John (serial 68851)
[18] : John (serial 68698)
[19] : John (serial 95387)
[20] : John (serial 81844)
[21] : John (serial 1390)
[22] : John (serial 34271)
[23] : John (serial 51707)
[24] : John (serial 89191)
[25] : John (serial 81450)
[26] : John (serial 20614)
[27] : John (serial 61640)
[28] : John (serial 4031)
[29] : John (serial 72454)
[30] : John (serial 87884)
[31] : John (serial 29896)
[32] : John (serial 73016)
[33] : John (serial 91860)
[34] : John (serial 54547)
[35] : John (serial 71743)
[36] : John (serial 14014)
[37] : John (serial 54712)
[38] : John (serial 41953)
[39] : John (serial 15074)
[40] : John (serial 78095)
[41] : John (serial 37961)
[42] : John (serial 58806)
[43] : John (serial 67740)
[44] : John (serial 19080)
[45] : John (serial 44741)
[46] : John (serial 82783)
[47] : 
[48] : 
[49] : 
[50] : 
[51] : 
[52] : 
[53] : 
[54] : 
[55] : 
[56] : 
[57] : 
[58] : 
[59] : 
[60] : 
[61] : 
[62] : 
[63] : 
[64] : 
[65] : 
[66] : 
[67] : 
[68] : 
[69] : 
[70] : 
[71] : 
[72] : 
[73] : 
[74] : 
[75] : 
[76] : 
[77] : 
[78] : 
[79] : 
[80] : 
[81] : 
[82] : 
[83] : 
[84] : 
[85] : 
[86] : 
[87] : 
[88] : 
[89] : 
[90] : 
[91] : 
[92] : 
[93] : 
[94] : 
[95] : 
[96] : 
[97] : 
[98] : John (serial 77361)
[99] : John (serial 30577)
[100] : John (serial 3054)
Insertion # 51 => 43967
REHASH AT THIS PERSON John (serial 43967)
rehashing 1
Message: dump after 51st insertion, the rehash should have happended to a table with 211 buckets:
[0] : 
[1] : 
[2] : 
[3] : John (serial 41953)
[4] : John (serial 3054)
[5] : John (serial 73016)
[6] : 
[7] : 
[8] : 
[9] : 
[10] : 
[11] : 
[12] : 
[13] : 
[14] : John (serial 81844)
[15] : 
[16] : 
[17] : 
[18] : 
[19] : John (serial 77361)
[20] : 
[21] : John (serial 27096)
[22] : 
[23] : 
[24] : 
[25] : 
[26] : 
[27] : 
[28] : John (serial 81450)
[29] : John (serial 37961)
[30] : 
[31] : 
[32] : 
[33] : John (serial 72454)
[34] : 
[35] : 
[36] : John (serial 49964)
[37] : John (serial 63731)
[38] : 
[39] : 
[40] : John (serial 44858)
[41] : 
[42] : John (serial 82783)
[43] : 
[44] : 
[45] : John (serial 75132)
[46] : 
[47] : 
[48] : 
[49] : 
[50] : John (serial 9745)
[51] : 
[52] : John (serial 83360)
[53] : 
[54] : 
[55] : John (serial 1390)
[56] : 
[57] : 
[58] : 
[59] : 
[60] : 
[61] : John (serial 50352)
[62] : 
[63] : 
[64] : 
[65] : 
[66] : John (serial 14014)
[67] : 
[68] : 
[69] : 
[70] : John (serial 91860)
[71] : 
[72] : John (serial 58749)
[73] : John (serial 19080)
[74] : 
[75] : 
[76] : 
[77] : 
[78] : 
[79] : John (serial 20614)
[80] : John (serial 15074)
[81] : John (serial 15887)
[82] : 
[83] : 
[84] : 
[85] : John (serial 23255)
[86] : 
[87] : 
[88] : 
[89] : 
[90] : 
[91] : 
[92] : John (serial 87884)
[93] : 
[94] : 
[95] : 
[96] : 
[97] : 
[98] : John (serial 34271)
[99] : 
[100] : John (serial 3492)
[101] : 
[102] : 
[103] : 
[104] : 
[105] : 
[106] : 
[107] : 
[108] : 
[109] : 
[110] : 
[111] : 
[112] : John (serial 58806)
[113] : 
[114] : John (serial 68851)
[115] : 
[116] : John (serial 30577)
[117] : John (serial 20608)
[118] : 
[119] : 
[120] : 
[121] : 
[122] : 
[123] : 
[124] : 
[125] : 
[126] : 
[127] : 
[128] : 
[129] : 
[130] : 
[131] : 
[132] : John (serial 61640)
[133] : 
[134] : 
[135] : John (serial 43967)
[136] : John (serial 71212)
[137] : John (serial 54547)
[138] : 
[139] : John (serial 54712)
[140] : 
[141] : 
[142] : 
[143] : John (serial 51707)
[144] : 
[145] : 
[146] : 
[147] : 
[148] : 
[149] : John (serial 68698)
[150] : 
[151] : 
[152] : 
[153] : John (serial 29896)
[154] : 
[155] : 
[156] : 
[157] : John (serial 76293)
[158] : 
[159] : John (serial 78095)
[160] : 
[161] : 
[162] : John (serial 44741)
[163] : 
[164] : 
[165] : 
[166] : 
[167] : 
[168] : 
[169] : 
[170] : 
[171] : 
[172] : 
[173] : 
[174] : 
[175] : 
[176] : 
[177] : 
[178] : 
[179] : 
[180] : John (serial 27291)
[181] : 
[182] : 
[183] : 
[184] : 
[185] : 
[186] : John (serial 95387)
[187] : John (serial 4031)
[188] : 
[189] : 
[190] : John (serial 89191)
[191] : 
[192] : 
[193] : 
[194] : 
[195] : 
[196] : 
[197] : John (serial 67740)
[198] : 
[199] : 
[200] : 
[201] : 
[202] : 
[203] : 
[204] : 
[205] : John (serial 17742)
[206] : John (serial 71743)
[207] : 
[208] : 
[209] : 
[210] : 
INTITATING REMOVE FUNCTION
77361 77361
19 48
36
75132 75132
45 3
58749 58749
72 6
20608 20608
117 9
27291 27291
180 12
9745 9745
50 15
68698 68698
149 18
1390 1390
55 21
89191 89191
190 24
61640 61640
132 27
87884 87884
92 30
91860 91860
70 33
rehashing 0
Message: dump after 14 removes, a rehash should have happened to a table with 157 buckets,
Message: after 13 removals the rehash happens, then the 14th removal will be tagged as DELETED in the new table.
[0] : John (serial 63731)
[1] : John (serial 44858)
[2] : John (serial 82783)
[3] : John (serial 83360)
[4] : John (serial 50352)
[5] : DELETED (serial 0)
[6] : John (serial 19080)
[7] : John (serial 20614)
[8] : John (serial 15074)
[9] : John (serial 15887)
[10] : John (serial 23255)
[11] : John (serial 34271)
[12] : John (serial 3492)
[13] : John (serial 58806)
[14] : John (serial 68851)
[15] : John (serial 30577)
[16] : John (serial 43967)
[17] : John (serial 71212)
[18] : John (serial 54547)
[19] : John (serial 54712)
[20] : John (serial 51707)
[21] : John (serial 29896)
[22] : John (serial 76293)
[23] : John (serial 78095)
[24] : John (serial 44741)
[25] : John (serial 95387)
[26] : John (serial 4031)
[27] : John (serial 67740)
[28] : John (serial 17742)
[29] : John (serial 71743)
[30] : 
[31] : 
[32] : 
[33] : 
[34] : 
[35] : 
[36] : 
[37] : 
[38] : 
[39] : 
[40] : 
[41] : 
[42] : 
[43] : 
[44] : 
[45] : 
[46] : 
[47] : 
[48] : 
[49] : 
[50] : 
[51] : 
[52] : 
[53] : 
[54] : 
[55] : 
[56] : 
[57] : 
[58] : 
[59] : 
[60] : 
[61] : 
[62] : 
[63] : 
[64] : 
[65] : 
[66] : 
[67] : 
[68] : 
[69] : 
[70] : 
[71] : 
[72] : 
[73] : 
[74] : 
[75] : 
[76] : 
[77] : 
[78] : 
[79] : 
[80] : 
[81] : 
[82] : 
[83] : 
[84] : 
[85] : 
[86] : 
[87] : 
[88] : 
[89] : 
[90] : 
[91] : 
[92] : 
[93] : 
[94] : 
[95] : 
[96] : 
[97] : 
[98] : 
[99] : 
[100] : 
[101] : 
[102] : 
[103] : 
[104] : 
[105] : 
[106] : 
[107] : 
[108] : 
[109] : 
[110] : 
[111] : 
[112] : 
[113] : 
[114] : 
[115] : 
[116] : 
[117] : 
[118] : 
[119] : 
[120] : 
[121] : 
[122] : 
[123] : 
[124] : 
[125] : 
[126] : 
[127] : 
[128] : 
[129] : 
[130] : 
[131] : 
[132] : 
[133] : 
[134] : 
[135] : 
[136] : 
[137] : 
[138] : 
[139] : 
[140] : 
[141] : 
[142] : 
[143] : 
[144] : 
[145] : 
[146] : 
[147] : 
[148] : 
[149] : John (serial 41953)
[150] : John (serial 3054)
[151] : John (serial 73016)
[152] : John (serial 81844)
[153] : John (serial 27096)
[154] : John (serial 81450)
[155] : John (serial 37961)
[156] : John (serial 72454)

